Determining if the pthread_create exist failed with the following output:
Change Dir: /home/jetson/Desktop/1020_j/build_isolated/rplidar_ros/CMakeFiles/CMakeTmp

Run Build Command:"/usr/bin/ninja" "cmTC_b5b61"
[1/2] Building C object CMakeFiles/cmTC_b5b61.dir/CheckSymbolExists.c.o
[2/2] Linking C executable cmTC_b5b61
FAILED: cmTC_b5b61 
: && /usr/bin/cc   -rdynamic CMakeFiles/cmTC_b5b61.dir/CheckSymbolExists.c.o  -o cmTC_b5b61   && :
CMakeFiles/cmTC_b5b61.dir/CheckSymbolExists.c.o: In function `main':
CheckSymbolExists.c:(.text+0x14): undefined reference to `pthread_create'
CheckSymbolExists.c:(.text+0x18): undefined reference to `pthread_create'
collect2: error: ld returned 1 exit status
ninja: build stopped: subcommand failed.

File /home/jetson/Desktop/1020_j/build_isolated/rplidar_ros/CMakeFiles/CMakeTmp/CheckSymbolExists.c:
/* */
#include <pthread.h>

int main(int argc, char** argv)
{
  (void)argv;
#ifndef pthread_create
  return ((int*)(&pthread_create))[argc];
#else
  (void)argc;
  return 0;
#endif
}

Determining if the function pthread_create exists in the pthreads failed with the following output:
Change Dir: /home/jetson/Desktop/1020_j/build_isolated/rplidar_ros/CMakeFiles/CMakeTmp

Run Build Command:"/usr/bin/ninja" "cmTC_6464f"
[1/2] Building C object CMakeFiles/cmTC_6464f.dir/CheckFunctionExists.c.o
[2/2] Linking C executable cmTC_6464f
FAILED: cmTC_6464f 
: && /usr/bin/cc -DCHECK_FUNCTION_EXISTS=pthread_create  -rdynamic CMakeFiles/cmTC_6464f.dir/CheckFunctionExists.c.o  -o cmTC_6464f  -lpthreads && :
/usr/bin/ld: cannot find -lpthreads
collect2: error: ld returned 1 exit status
ninja: build stopped: subcommand failed.


