Determining if the pthread_create exist failed with the following output:
Change Dir: /home/jetson/Desktop/donkey_ibm/build/CMakeFiles/CMakeTmp

Run Build Command:"/usr/bin/make" "cmTC_ade54/fast"
/usr/bin/make -f CMakeFiles/cmTC_ade54.dir/build.make CMakeFiles/cmTC_ade54.dir/build
make[1]: Entering directory '/home/jetson/Desktop/donkey_ibm/build/CMakeFiles/CMakeTmp'
Building C object CMakeFiles/cmTC_ade54.dir/CheckSymbolExists.c.o
/usr/bin/cc    -o CMakeFiles/cmTC_ade54.dir/CheckSymbolExists.c.o   -c /home/jetson/Desktop/donkey_ibm/build/CMakeFiles/CMakeTmp/CheckSymbolExists.c
Linking C executable cmTC_ade54
/usr/bin/cmake -E cmake_link_script CMakeFiles/cmTC_ade54.dir/link.txt --verbose=1
/usr/bin/cc      -rdynamic CMakeFiles/cmTC_ade54.dir/CheckSymbolExists.c.o  -o cmTC_ade54 
CMakeFiles/cmTC_ade54.dir/CheckSymbolExists.c.o: In function `main':
CheckSymbolExists.c:(.text+0x14): undefined reference to `pthread_create'
CheckSymbolExists.c:(.text+0x18): undefined reference to `pthread_create'
collect2: error: ld returned 1 exit status
CMakeFiles/cmTC_ade54.dir/build.make:97: recipe for target 'cmTC_ade54' failed
make[1]: *** [cmTC_ade54] Error 1
make[1]: Leaving directory '/home/jetson/Desktop/donkey_ibm/build/CMakeFiles/CMakeTmp'
Makefile:126: recipe for target 'cmTC_ade54/fast' failed
make: *** [cmTC_ade54/fast] Error 2

File /home/jetson/Desktop/donkey_ibm/build/CMakeFiles/CMakeTmp/CheckSymbolExists.c:
/* */
#include <pthread.h>

int main(int argc, char** argv)
{
  (void)argv;
#ifndef pthread_create
  return ((int*)(&pthread_create))[argc];
#else
  (void)argc;
  return 0;
#endif
}

Determining if the function pthread_create exists in the pthreads failed with the following output:
Change Dir: /home/jetson/Desktop/donkey_ibm/build/CMakeFiles/CMakeTmp

Run Build Command:"/usr/bin/make" "cmTC_86865/fast"
/usr/bin/make -f CMakeFiles/cmTC_86865.dir/build.make CMakeFiles/cmTC_86865.dir/build
make[1]: Entering directory '/home/jetson/Desktop/donkey_ibm/build/CMakeFiles/CMakeTmp'
Building C object CMakeFiles/cmTC_86865.dir/CheckFunctionExists.c.o
/usr/bin/cc   -DCHECK_FUNCTION_EXISTS=pthread_create   -o CMakeFiles/cmTC_86865.dir/CheckFunctionExists.c.o   -c /usr/share/cmake-3.10/Modules/CheckFunctionExists.c
Linking C executable cmTC_86865
/usr/bin/cmake -E cmake_link_script CMakeFiles/cmTC_86865.dir/link.txt --verbose=1
/usr/bin/cc  -DCHECK_FUNCTION_EXISTS=pthread_create    -rdynamic CMakeFiles/cmTC_86865.dir/CheckFunctionExists.c.o  -o cmTC_86865 -lpthreads 
/usr/bin/ld: cannot find -lpthreads
collect2: error: ld returned 1 exit status
CMakeFiles/cmTC_86865.dir/build.make:97: recipe for target 'cmTC_86865' failed
make[1]: *** [cmTC_86865] Error 1
make[1]: Leaving directory '/home/jetson/Desktop/donkey_ibm/build/CMakeFiles/CMakeTmp'
Makefile:126: recipe for target 'cmTC_86865/fast' failed
make: *** [cmTC_86865/fast] Error 2


