Determining if the pthread_create exist failed with the following output:
Change Dir: /home/jetson/Desktop/1020_j/build_isolated/evanhateros/CMakeFiles/CMakeTmp

Run Build Command:"/usr/bin/ninja" "cmTC_027e6"
[1/2] Building C object CMakeFiles/cmTC_027e6.dir/CheckSymbolExists.c.o
[2/2] Linking C executable cmTC_027e6
FAILED: cmTC_027e6 
: && /usr/bin/cc   -rdynamic CMakeFiles/cmTC_027e6.dir/CheckSymbolExists.c.o  -o cmTC_027e6   && :
CMakeFiles/cmTC_027e6.dir/CheckSymbolExists.c.o: In function `main':
CheckSymbolExists.c:(.text+0x14): undefined reference to `pthread_create'
CheckSymbolExists.c:(.text+0x18): undefined reference to `pthread_create'
collect2: error: ld returned 1 exit status
ninja: build stopped: subcommand failed.

File /home/jetson/Desktop/1020_j/build_isolated/evanhateros/CMakeFiles/CMakeTmp/CheckSymbolExists.c:
/* */
#include <pthread.h>

int main(int argc, char** argv)
{
  (void)argv;
#ifndef pthread_create
  return ((int*)(&pthread_create))[argc];
#else
  (void)argc;
  return 0;
#endif
}

Determining if the function pthread_create exists in the pthreads failed with the following output:
Change Dir: /home/jetson/Desktop/1020_j/build_isolated/evanhateros/CMakeFiles/CMakeTmp

Run Build Command:"/usr/bin/ninja" "cmTC_09359"
[1/2] Building C object CMakeFiles/cmTC_09359.dir/CheckFunctionExists.c.o
[2/2] Linking C executable cmTC_09359
FAILED: cmTC_09359 
: && /usr/bin/cc -DCHECK_FUNCTION_EXISTS=pthread_create  -rdynamic CMakeFiles/cmTC_09359.dir/CheckFunctionExists.c.o  -o cmTC_09359  -lpthreads && :
/usr/bin/ld: cannot find -lpthreads
collect2: error: ld returned 1 exit status
ninja: build stopped: subcommand failed.


