Determining if the pthread_create exist failed with the following output:
Change Dir: /home/jetson/Desktop/1020_j/build_isolated/cartographer_rviz/CMakeFiles/CMakeTmp

Run Build Command:"/usr/bin/ninja" "cmTC_d208c"
[1/2] Building C object CMakeFiles/cmTC_d208c.dir/CheckSymbolExists.c.o
[2/2] Linking C executable cmTC_d208c
FAILED: cmTC_d208c 
: && /usr/bin/cc   -rdynamic CMakeFiles/cmTC_d208c.dir/CheckSymbolExists.c.o  -o cmTC_d208c   && :
CMakeFiles/cmTC_d208c.dir/CheckSymbolExists.c.o: In function `main':
CheckSymbolExists.c:(.text+0x14): undefined reference to `pthread_create'
CheckSymbolExists.c:(.text+0x18): undefined reference to `pthread_create'
collect2: error: ld returned 1 exit status
ninja: build stopped: subcommand failed.

File /home/jetson/Desktop/1020_j/build_isolated/cartographer_rviz/CMakeFiles/CMakeTmp/CheckSymbolExists.c:
/* */
#include <pthread.h>

int main(int argc, char** argv)
{
  (void)argv;
#ifndef pthread_create
  return ((int*)(&pthread_create))[argc];
#else
  (void)argc;
  return 0;
#endif
}

Determining if the function pthread_create exists in the pthreads failed with the following output:
Change Dir: /home/jetson/Desktop/1020_j/build_isolated/cartographer_rviz/CMakeFiles/CMakeTmp

Run Build Command:"/usr/bin/ninja" "cmTC_8ddc0"
[1/2] Building C object CMakeFiles/cmTC_8ddc0.dir/CheckFunctionExists.c.o
[2/2] Linking C executable cmTC_8ddc0
FAILED: cmTC_8ddc0 
: && /usr/bin/cc -DCHECK_FUNCTION_EXISTS=pthread_create  -rdynamic CMakeFiles/cmTC_8ddc0.dir/CheckFunctionExists.c.o  -o cmTC_8ddc0  -lpthreads && :
/usr/bin/ld: cannot find -lpthreads
collect2: error: ld returned 1 exit status
ninja: build stopped: subcommand failed.


